<?xml version="1.0" encoding="UTF-8"?>
<!-- Generated by org.testng.reporters.JUnitReportReporter -->
<testsuite hostname="DESKTOP-FKP06KN" failures="0" tests="1" name="Pra.Mini" time="62.932" errors="0" timestamp="2024-08-26T06:38:39 IST" skipped="0">
  <testcase classname="Pra.Mini" name="m" time="62.932"/>
</testsuite> <!-- Pra.Mini -->
