<?xml version="1.0" encoding="UTF-8"?>
<!-- Generated by org.testng.reporters.JUnitReportReporter -->
<testsuite hostname="DESKTOP-ARSNOC3" failures="0" tests="1" name="Lis" time="7.589" errors="0" timestamp="2025-01-03T14:25:06 IST" skipped="0">
  <testcase classname="Lis" name="m" time="7.589"/>
</testsuite> <!-- Lis -->
