<?xml version="1.0" encoding="UTF-8"?>
<!-- Generated by org.testng.reporters.JUnitReportReporter -->
<testsuite hostname="DESKTOP-FKP06KN" failures="0" tests="1" name="Pra.Windows" time="27.076" errors="0" timestamp="2024-08-19T10:01:10 IST" skipped="0">
  <testcase classname="Pra.Windows" name="t" time="27.076"/>
</testsuite> <!-- Pra.Windows -->
