<?xml version="1.0" encoding="UTF-8"?>
<!-- Generated by org.testng.reporters.JUnitReportReporter -->
<testsuite hostname="DESKTOP-FKP06KN" failures="0" tests="1" name="Pramod.Four" time="44.795" errors="0" timestamp="2024-08-22T17:26:56 IST" skipped="0">
  <testcase classname="Pramod.Four" name="m" time="44.795"/>
</testsuite> <!-- Pramod.Four -->
