<?xml version="1.0" encoding="UTF-8"?>
<!-- Generated by org.testng.reporters.JUnitReportReporter -->
<testsuite hostname="DESKTOP-FKP06KN" failures="0" tests="1" name="Practice.Practice" time="22.742" errors="0" timestamp="2024-08-24T12:07:36 IST" skipped="0">
  <testcase classname="Practice.Practice" name="m" time="22.742"/>
</testsuite> <!-- Practice.Practice -->
