<?xml version="1.0" encoding="UTF-8"?>
<!-- Generated by org.testng.reporters.JUnitReportReporter -->
<testsuite hostname="DESKTOP-FKP06KN" failures="0" tests="1" name="PF.Test1" time="0.014" errors="0" timestamp="2024-09-03T16:42:36 IST" skipped="0">
  <testcase classname="PF.Test1" name="m" time="0.014"/>
</testsuite> <!-- PF.Test1 -->
