<?xml version="1.0" encoding="UTF-8"?>
<!-- Generated by org.testng.reporters.JUnitReportReporter -->
<testsuite hostname="DESKTOP-ARSNOC3" failures="0" tests="1" name="Page.DynamicTable" time="10.190" errors="0" timestamp="2024-10-31T15:06:50 IST" skipped="0">
  <testcase classname="Page.DynamicTable" name="M" time="10.190"/>
</testsuite> <!-- Page.DynamicTable -->
