<?xml version="1.0" encoding="UTF-8"?>
<!-- Generated by org.testng.reporters.JUnitReportReporter -->
<testsuite hostname="DESKTOP-FKP06KN" failures="0" tests="1" name="Pra.OrangeHRM" time="33.442" errors="0" timestamp="2024-08-17T21:57:10 IST" skipped="0">
  <testcase classname="Pra.OrangeHRM" name="m" time="33.442"/>
</testsuite> <!-- Pra.OrangeHRM -->
