<?xml version="1.0" encoding="UTF-8"?>
<!-- Generated by org.testng.reporters.JUnitReportReporter -->
<testsuite hostname="DESKTOP-FKP06KN" failures="0" tests="1" name="Pra.Minimise" time="20.451" errors="0" timestamp="2024-08-28T13:18:47 IST" skipped="0">
  <testcase classname="Pra.Minimise" name="m" time="20.451"/>
</testsuite> <!-- Pra.Minimise -->
