<?xml version="1.0" encoding="UTF-8"?>
<!-- Generated by org.testng.reporters.JUnitReportReporter -->
<testsuite hostname="DESKTOP-6KPQL4C" failures="0" tests="1" name="Sle.Am" time="16.812" errors="0" timestamp="2024-08-14T20:42:31 PDT" skipped="0">
  <testcase classname="Sle.Am" name="r" time="16.812"/>
</testsuite> <!-- Sle.Am -->
