<?xml version="1.0" encoding="UTF-8"?>
<!-- Generated by org.testng.reporters.JUnitReportReporter -->
<testsuite hostname="DESKTOP-ARSNOC3" failures="0" tests="1" name="Img" time="3.834" errors="0" timestamp="2024-12-25T19:32:10 IST" skipped="0">
  <testcase classname="Img" name="m" time="3.834"/>
</testsuite> <!-- Img -->
