<?xml version="1.0" encoding="UTF-8"?>
<!-- Generated by org.testng.reporters.JUnitReportReporter -->
<testsuite hostname="DESKTOP-FKP06KN" failures="0" tests="1" name="Pra.Multiwindow" time="33.362" errors="0" timestamp="2024-08-19T10:56:19 IST" skipped="0">
  <testcase classname="Pra.Multiwindow" name="m" time="33.362"/>
</testsuite> <!-- Pra.Multiwindow -->
