<?xml version="1.0" encoding="UTF-8"?>
<!-- Generated by org.testng.reporters.JUnitReportReporter -->
<testsuite hostname="DESKTOP-ARSNOC3" failures="0" tests="1" name="Next" time="0.021" errors="0" timestamp="2024-12-28T10:57:21 IST" skipped="0">
  <testcase classname="Next" name="m" time="0.021"/>
</testsuite> <!-- Next -->
