<?xml version="1.0" encoding="UTF-8"?>
<!-- Generated by org.testng.reporters.JUnitReportReporter -->
<testsuite hostname="DESKTOP-ARSNOC3" failures="0" tests="1" name="Pra.Or" time="0.301" errors="0" timestamp="2024-10-17T17:00:08 IST" skipped="0">
  <testcase classname="Pra.Or" name="m" time="0.301"/>
</testsuite> <!-- Pra.Or -->
