<?xml version="1.0" encoding="UTF-8"?>
<!-- Generated by org.testng.reporters.JUnitReportReporter -->
<testsuite hostname="DESKTOP-FKP06KN" failures="0" tests="1" name="PF.TestScWith" time="3.585" errors="0" timestamp="2024-09-05T15:31:29 IST" skipped="0">
  <testcase classname="PF.TestScWith" name="verifylogo" time="3.585"/>
</testsuite> <!-- PF.TestScWith -->
