<?xml version="1.0" encoding="UTF-8"?>
<!-- Generated by org.testng.reporters.JUnitReportReporter -->
<testsuite hostname="DESKTOP-ARSNOC3" failures="0" tests="1" name="Pra.Sample2" time="0.022" errors="0" timestamp="2024-09-23T23:09:40 IST" skipped="0">
  <testcase classname="Pra.Sample2" name="m" time="0.022"/>
</testsuite> <!-- Pra.Sample2 -->
