<?xml version="1.0" encoding="UTF-8"?>
<!-- Generated by org.testng.reporters.JUnitReportReporter -->
<testsuite hostname="DESKTOP-ARSNOC3" failures="0" tests="1" name="Load" time="57.918" errors="0" timestamp="2024-12-30T14:51:11 IST" skipped="0">
  <testcase classname="Load" name="g" time="57.918"/>
</testsuite> <!-- Load -->
