<?xml version="1.0" encoding="UTF-8"?>
<!-- Generated by org.testng.reporters.JUnitReportReporter -->
<testsuite hostname="DESKTOP-FKP06KN" failures="0" tests="1" name="Sle.JAvaScriot" time="18.470" errors="0" timestamp="2024-08-27T15:57:29 IST" skipped="0">
  <testcase classname="Sle.JAvaScriot" name="m" time="18.470"/>
</testsuite> <!-- Sle.JAvaScriot -->
