<?xml version="1.0" encoding="UTF-8"?>
<!-- Generated by org.testng.reporters.JUnitReportReporter -->
<testsuite hostname="DESKTOP-FKP06KN" failures="0" tests="1" name="Pra.Json" time="0.105" errors="0" timestamp="2024-08-15T20:43:26 IST" skipped="0">
  <testcase classname="Pra.Json" name="m" time="0.105"/>
</testsuite> <!-- Pra.Json -->
