<?xml version="1.0" encoding="UTF-8"?>
<!-- Generated by org.testng.reporters.JUnitReportReporter -->
<testsuite hostname="DESKTOP-FKP06KN" failures="0" tests="1" name="PF.Ay" time="0.014" errors="0" timestamp="2024-08-31T12:44:40 IST" skipped="0">
  <testcase classname="PF.Ay" name="m" time="0.014"/>
</testsuite> <!-- PF.Ay -->
