<?xml version="1.0" encoding="UTF-8"?>
<!-- Generated by org.testng.reporters.JUnitReportReporter -->
<testsuite hostname="DESKTOP-FKP06KN" failures="0" tests="1" name="Pramod.Third" time="59.036" errors="0" timestamp="2024-08-24T11:51:30 IST" skipped="0">
  <testcase classname="Pramod.Third" name="m" time="59.036"/>
</testsuite> <!-- Pramod.Third -->
