<?xml version="1.0" encoding="UTF-8"?>
<!-- Generated by org.testng.reporters.JUnitReportReporter -->
<testsuite hostname="DESKTOP-6KPQL4C" failures="0" tests="1" name="Sle.Pack" time="15.811" errors="0" timestamp="2024-08-09T10:01:04 PDT" skipped="0">
  <testcase classname="Sle.Pack" name="t" time="15.811"/>
</testsuite> <!-- Sle.Pack -->
