<?xml version="1.0" encoding="UTF-8"?>
<!-- Generated by org.testng.reporters.JUnitReportReporter -->
<testsuite hostname="DESKTOP-ARSNOC3" failures="0" tests="1" name="Practice.Jav" time="28.243" errors="0" timestamp="2024-10-13T20:24:42 IST" skipped="0">
  <testcase classname="Practice.Jav" name="m" time="28.243"/>
</testsuite> <!-- Practice.Jav -->
