<?xml version="1.0" encoding="UTF-8"?>
<!-- Generated by org.testng.reporters.JUnitReportReporter -->
<testsuite hostname="DESKTOP-FKP06KN" failures="0" tests="1" name="Pra.Windo" time="16.450" errors="0" timestamp="2024-08-19T09:39:55 IST" skipped="0">
  <testcase classname="Pra.Windo" name="m" time="16.450"/>
</testsuite> <!-- Pra.Windo -->
