<?xml version="1.0" encoding="UTF-8"?>
<!-- Generated by org.testng.reporters.JUnitReportReporter -->
<testsuite hostname="DESKTOP-ARSNOC3" failures="0" tests="1" name="Page.JAvas" time="8.817" errors="0" timestamp="2024-10-27T14:17:13 IST" skipped="0">
  <testcase classname="Page.JAvas" name="m" time="8.817"/>
</testsuite> <!-- Page.JAvas -->
