<?xml version="1.0" encoding="UTF-8"?>
<!-- Generated by org.testng.reporters.JUnitReportReporter -->
<testsuite hostname="DESKTOP-ARSNOC3" failures="0" tests="1" name="Pra.JS" time="0.024" errors="0" timestamp="2024-10-16T17:50:11 IST" skipped="0">
  <testcase classname="Pra.JS" name="m" time="0.024"/>
</testsuite> <!-- Pra.JS -->
