<?xml version="1.0" encoding="UTF-8"?>
<!-- Generated by org.testng.reporters.JUnitReportReporter -->
<testsuite hostname="DESKTOP-ARSNOC3" failures="0" tests="1" name="Page.JA" time="15.622" errors="0" timestamp="2024-10-27T14:33:12 IST" skipped="0">
  <testcase classname="Page.JA" name="list" time="15.622"/>
</testsuite> <!-- Page.JA -->
