<?xml version="1.0" encoding="UTF-8"?>
<!-- Generated by org.testng.reporters.JUnitReportReporter -->
<testsuite hostname="DESKTOP-FKP06KN" failures="0" tests="1" name="Practice.Tooltip" time="57.561" errors="0" timestamp="2024-08-24T17:51:47 IST" skipped="0">
  <testcase classname="Practice.Tooltip" name="m" time="57.561"/>
</testsuite> <!-- Practice.Tooltip -->
