<?xml version="1.0" encoding="UTF-8"?>
<!-- Generated by org.testng.reporters.JUnitReportReporter -->
<testsuite hostname="DESKTOP-FKP06KN" failures="0" tests="1" name="Sle.Amazon" time="52.997" errors="0" timestamp="2024-09-09T19:01:31 IST" skipped="0">
  <testcase classname="Sle.Amazon" name="m" time="52.997"/>
</testsuite> <!-- Sle.Amazon -->
