<?xml version="1.0" encoding="UTF-8"?>
<!-- Generated by org.testng.reporters.JUnitReportReporter -->
<testsuite hostname="DESKTOP-FKP06KN" failures="0" tests="1" name="Pra.Jus" time="24.226" errors="0" timestamp="2024-08-19T19:30:17 IST" skipped="0">
  <testcase classname="Pra.Jus" name="m" time="24.226"/>
</testsuite> <!-- Pra.Jus -->
