<?xml version="1.0" encoding="UTF-8"?>
<!-- Generated by org.testng.reporters.JUnitReportReporter -->
<testsuite hostname="DESKTOP-FKP06KN" failures="0" tests="1" name="PF.exist" time="0.015" errors="0" timestamp="2024-09-04T10:47:52 IST" skipped="0">
  <testcase classname="PF.exist" name="m" time="0.015"/>
</testsuite> <!-- PF.exist -->
