<?xml version="1.0" encoding="UTF-8"?>
<!-- Generated by org.testng.reporters.JUnitReportReporter -->
<testsuite hostname="DESKTOP-FKP06KN" failures="0" tests="2" name="PF.NewTest" time="0.017" errors="0" timestamp="2024-08-31T12:11:48 IST" skipped="0">
  <testcase classname="PF.NewTest" name="fa" time="0.006"/>
  <testcase classname="PF.NewTest" name="f" time="0.011"/>
</testsuite> <!-- PF.NewTest -->
