<?xml version="1.0" encoding="UTF-8"?>
<!-- Generated by org.testng.reporters.JUnitReportReporter -->
<testsuite hostname="DESKTOP-ARSNOC3" failures="0" tests="1" name="In" time="36.307" errors="0" timestamp="2024-12-25T13:14:18 IST" skipped="0">
  <testcase classname="In" name="m" time="36.307"/>
</testsuite> <!-- In -->
