<?xml version="1.0" encoding="UTF-8"?>
<!-- Generated by org.testng.reporters.JUnitReportReporter -->
<testsuite hostname="DESKTOP-FKP06KN" failures="0" tests="1" name="Sle.Tomorrow" time="0.023" errors="0" timestamp="2024-08-21T11:11:07 IST" skipped="0">
  <testcase classname="Sle.Tomorrow" name="m" time="0.023"/>
</testsuite> <!-- Sle.Tomorrow -->
