<?xml version="1.0" encoding="UTF-8"?>
<!-- Generated by org.testng.reporters.JUnitReportReporter -->
<testsuite hostname="DESKTOP-ARSNOC3" failures="0" tests="1" name="Scro" time="40.489" errors="0" timestamp="2024-12-30T14:33:29 IST" skipped="0">
  <testcase classname="Scro" name="m" time="40.489"/>
</testsuite> <!-- Scro -->
