<?xml version="1.0" encoding="UTF-8"?>
<!-- Generated by org.testng.reporters.JUnitReportReporter -->
<testsuite hostname="DESKTOP-ARSNOC3" failures="0" tests="1" name="Pramod.FR" time="4.346" errors="0" timestamp="2024-09-25T20:46:57 IST" skipped="0">
  <testcase classname="Pramod.FR" name="calculateSum" time="4.346"/>
</testsuite> <!-- Pramod.FR -->
