<?xml version="1.0" encoding="UTF-8"?>
<!-- Generated by org.testng.reporters.JUnitReportReporter -->
<testsuite hostname="DESKTOP-FKP06KN" failures="0" tests="1" name="PF.Zoom" time="12.729" errors="0" timestamp="2024-09-01T21:23:53 IST" skipped="0">
  <testcase classname="PF.Zoom" name="m" time="12.729"/>
</testsuite> <!-- PF.Zoom -->
