<?xml version="1.0" encoding="UTF-8"?>
<!-- Generated by org.testng.reporters.JUnitReportReporter -->
<testsuite hostname="DESKTOP-FKP06KN" failures="0" tests="1" name="Pra.Wind" time="45.316" errors="0" timestamp="2024-09-01T19:23:55 IST" skipped="0">
  <testcase classname="Pra.Wind" name="m" time="45.316"/>
</testsuite> <!-- Pra.Wind -->
