<?xml version="1.0" encoding="UTF-8"?>
<!-- Generated by org.testng.reporters.JUnitReportReporter -->
<testsuite hostname="DESKTOP-ARSNOC3" failures="0" tests="1" name="Tn" time="0.020" errors="0" timestamp="2024-12-26T15:24:33 IST" skipped="0">
  <testcase classname="Tn" name="m" time="0.020"/>
</testsuite> <!-- Tn -->
