<?xml version="1.0" encoding="UTF-8"?>
<!-- Generated by org.testng.reporters.JUnitReportReporter -->
<testsuite hostname="DESKTOP-FKP06KN" failures="0" tests="1" name="TestN.NewTest" time="0.006" errors="0" timestamp="2024-09-03T17:03:37 IST" skipped="0">
  <testcase classname="TestN.NewTest" name="f" time="0.006"/>
</testsuite> <!-- TestN.NewTest -->
