<?xml version="1.0" encoding="UTF-8"?>
<!-- Generated by org.testng.reporters.JUnitReportReporter -->
<testsuite hostname="DESKTOP-ARSNOC3" failures="0" tests="1" name="Fb" time="46.338" errors="0" timestamp="2024-12-26T11:39:02 IST" skipped="0">
  <testcase classname="Fb" name="m" time="46.338"/>
</testsuite> <!-- Fb -->
