<?xml version="1.0" encoding="UTF-8"?>
<!-- Generated by org.testng.reporters.JUnitReportReporter -->
<testsuite hostname="DESKTOP-6KPQL4C" failures="0" tests="1" name="Pra.Cla" time="23.786" errors="0" timestamp="2024-08-07T04:35:19 PDT" skipped="0">
  <testcase classname="Pra.Cla" name="t" time="23.786"/>
</testsuite> <!-- Pra.Cla -->
