<?xml version="1.0" encoding="UTF-8"?>
<!-- Generated by org.testng.reporters.JUnitReportReporter -->
<testsuite hostname="DESKTOP-FKP06KN" failures="0" tests="1" name="Pra.Naukari" time="24.025" errors="0" timestamp="2024-08-17T12:18:50 IST" skipped="0">
  <testcase classname="Pra.Naukari" name="Nau" time="24.025"/>
</testsuite> <!-- Pra.Naukari -->
