<?xml version="1.0" encoding="UTF-8"?>
<!-- Generated by org.testng.reporters.JUnitReportReporter -->
<testsuite hostname="DESKTOP-FKP06KN" failures="0" tests="2" name="TestN.Pu" time="0.012" errors="0" timestamp="2024-09-03T17:11:30 IST" skipped="0">
  <testcase classname="TestN.Pu" name="ma" time="0.004"/>
  <testcase classname="TestN.Pu" name="m" time="0.008"/>
</testsuite> <!-- TestN.Pu -->
