<?xml version="1.0" encoding="UTF-8"?>
<!-- Generated by org.testng.reporters.JUnitReportReporter -->
<testsuite hostname="DESKTOP-FKP06KN" failures="0" tests="1" name="Screenshot.Project" time="0.015" errors="0" timestamp="2024-09-06T15:26:47 IST" skipped="0">
  <testcase classname="Screenshot.Project" name="m" time="0.015"/>
</testsuite> <!-- Screenshot.Project -->
