<?xml version="1.0" encoding="UTF-8"?>
<!-- Generated by org.testng.reporters.JUnitReportReporter -->
<testsuite hostname="DESKTOP-FKP06KN" failures="0" tests="1" name="Sle.Demoqa" time="42.407" errors="0" timestamp="2024-08-27T11:44:58 IST" skipped="0">
  <testcase classname="Sle.Demoqa" name="m" time="42.407"/>
</testsuite> <!-- Sle.Demoqa -->
