<?xml version="1.0" encoding="UTF-8"?>
<!-- Generated by org.testng.reporters.JUnitReportReporter -->
<testsuite hostname="DESKTOP-FKP06KN" failures="0" tests="4" name="TClass.Prior" time="0.020" errors="0" timestamp="2024-09-04T21:53:15 IST" skipped="0">
  <testcase classname="TClass.Prior" name="mn" time="0.015"/>
  <testcase classname="TClass.Prior" name="xyz" time="0.002"/>
  <testcase classname="TClass.Prior" name="gh" time="0.002"/>
  <testcase classname="TClass.Prior" name="abc" time="0.001"/>
</testsuite> <!-- TClass.Prior -->
