<?xml version="1.0" encoding="UTF-8"?>
<!-- Generated by org.testng.reporters.JUnitReportReporter -->
<testsuite hostname="DESKTOP-ARSNOC3" failures="0" tests="1" name="Test.Tests" time="22.602" errors="0" timestamp="2024-10-16T11:37:44 IST" skipped="0">
  <testcase classname="Test.Tests" name="m" time="22.602"/>
</testsuite> <!-- Test.Tests -->
