<?xml version="1.0" encoding="UTF-8"?>
<!-- Generated by org.testng.reporters.JUnitReportReporter -->
<testsuite hostname="DESKTOP-FKP06KN" failures="0" tests="1" name="Pra.LogA" time="29.959" errors="0" timestamp="2024-08-24T22:10:23 IST" skipped="0">
  <testcase classname="Pra.LogA" name="m" time="29.959"/>
</testsuite> <!-- Pra.LogA -->
