<?xml version="1.0" encoding="UTF-8"?>
<!-- Generated by org.testng.reporters.JUnitReportReporter -->
<testsuite hostname="DESKTOP-ARSNOC3" failures="0" tests="1" name="Pramod.First" time="3.825" errors="0" timestamp="2024-09-27T10:36:14 IST" skipped="0">
  <testcase classname="Pramod.First" name="m" time="3.825"/>
</testsuite> <!-- Pramod.First -->
