<?xml version="1.0" encoding="UTF-8"?>
<!-- Generated by org.testng.reporters.JUnitReportReporter -->
<testsuite hostname="DESKTOP-6KPQL4C" failures="0" tests="1" name="Pra.Flipkart" time="13.479" errors="0" timestamp="2024-08-07T23:06:17 PDT" skipped="0">
  <testcase classname="Pra.Flipkart" name="m" time="13.479"/>
</testsuite> <!-- Pra.Flipkart -->
