<?xml version="1.0" encoding="UTF-8"?>
<!-- Generated by org.testng.reporters.JUnitReportReporter -->
<testsuite hostname="DESKTOP-ARSNOC3" failures="0" tests="1" name="Colo" time="9.135" errors="0" timestamp="2024-12-27T18:52:27 IST" skipped="0">
  <testcase classname="Colo" name="g" time="9.135"/>
</testsuite> <!-- Colo -->
